INFO:  latexindent version 3.16, 2022-03-13, a script to indent .tex files
       latexindent lives here: /usr/local/texlive/2022/texmf-dist/scripts/latexindent/
       Mon Aug 22 18:09:38 2022
       Filename: /Users/amir/Data/Projects/personal/Thesis/presentation/teias/__latexindent_temp.tex
INFO:  Processing switches:
       -y|--yaml: YAML settings specified via command line
       -c|--cruft: cruft directory
INFO:  Directory for backup files and /Users/amir/Data/Projects/personal/Thesis/presentation//indent.log: /Users/amir/Data/Projects/personal/Thesis/presentation/
INFO:  YAML settings read: defaultSettings.yaml
       Reading defaultSettings.yaml from /usr/local/texlive/2022/texmf-dist/scripts/latexindent/defaultSettings.yaml
INFO:  YAML settings read: indentconfig.yaml or .indentconfig.yaml
       Home directory is /Users/amir (didn't find either indentconfig.yaml or .indentconfig.yaml)
       To specify user settings you would put indentconfig.yaml here: /Users/amir/indentconfig.yaml
       Alternatively, you can use the hidden file .indentconfig.yaml as: /Users/amir/.indentconfig.yaml
INFO:  YAML settings read: -y switch
       YAML setting: defaultIndent:'    '
       single-quoted string found in -y switch: '    ', substitute to     
       Updating mainSettings with defaultIndent:     
INFO:  Phase 1: searching for objects
INFO:  Phase 2: finding surrounding indentation
INFO:  Phase 3: indenting objects
INFO:  Phase 4: final indentation check
INFO:  Output routine:
       Not outputting to file; see -w and -o switches for more options.
       --------------
INFO:  Please direct all communication/issues to:
        https://github.com/cmhughes/latexindent.pl
